{"/Users/mhadley/dev/nodejs/LOTS/lib/lots.js":{"path":"/Users/mhadley/dev/nodejs/LOTS/lib/lots.js","s":{"1":1,"2":1,"3":1,"4":1,"5":1,"6":1,"7":1,"8":2,"9":2,"10":2,"11":2,"12":2,"13":2,"14":2,"15":2,"16":2,"17":2,"18":2,"19":1,"20":1,"21":1,"22":1,"23":1,"24":1,"25":1,"26":2,"27":2,"28":2,"29":2,"30":2,"31":2,"32":1,"33":1,"34":1,"35":0,"36":0,"37":1,"38":1,"39":1,"40":1,"41":0,"42":0,"43":1,"44":1,"45":0,"46":1,"47":1,"48":1,"49":1,"50":0,"51":0,"52":1,"53":1,"54":1,"55":1,"56":1,"57":1,"58":1,"59":0,"60":0,"61":0,"62":0,"63":0,"64":0,"65":0,"66":0,"67":0,"68":0,"69":0,"70":0,"71":0,"72":0,"73":0,"74":0,"75":0,"76":0,"77":0,"78":1,"79":1,"80":1,"81":1,"82":1,"83":1,"84":1,"85":1,"86":2,"87":2,"88":2,"89":2,"90":2,"91":2,"92":2,"93":2,"94":0,"95":1,"96":1,"97":1,"98":1,"99":1,"100":1,"101":1},"b":{"1":[2,1],"2":[1,1],"3":[2,0],"4":[2,0],"5":[0,1],"6":[1,0],"7":[0,1],"8":[0,0],"9":[0,0],"10":[0,0],"11":[0,0],"12":[0,0],"13":[0,0],"14":[1,0],"15":[2,0]},"f":{"1":2,"2":1,"3":1,"4":1,"5":1,"6":0,"7":1,"8":0,"9":0,"10":0,"11":0,"12":1,"13":1},"fnMap":{"1":{"name":"buildTickets","line":8,"loc":{"start":{"line":8,"column":0},"end":{"line":8,"column":46}}},"2":{"name":"searchTickets","line":57,"loc":{"start":{"line":57,"column":0},"end":{"line":57,"column":54}}},"3":{"name":"(anonymous_3)","line":58,"loc":{"start":{"line":58,"column":108},"end":{"line":58,"column":139}}},"4":{"name":"(anonymous_4)","line":65,"loc":{"start":{"line":65,"column":77},"end":{"line":65,"column":108}}},"5":{"name":"cache","line":79,"loc":{"start":{"line":79,"column":0},"end":{"line":79,"column":31}}},"6":{"name":"(anonymous_6)","line":82,"loc":{"start":{"line":82,"column":48},"end":{"line":82,"column":63}}},"7":{"name":"LOTS","line":89,"loc":{"start":{"line":89,"column":17},"end":{"line":89,"column":37}}},"8":{"name":"(anonymous_8)","line":98,"loc":{"start":{"line":98,"column":9},"end":{"line":98,"column":20}}},"9":{"name":"cached","line":107,"loc":{"start":{"line":107,"column":12},"end":{"line":107,"column":31}}},"10":{"name":"(anonymous_10)","line":112,"loc":{"start":{"line":112,"column":27},"end":{"line":112,"column":44}}},"11":{"name":"(anonymous_11)","line":114,"loc":{"start":{"line":114,"column":42},"end":{"line":114,"column":63}}},"12":{"name":"generate","line":132,"loc":{"start":{"line":132,"column":14},"end":{"line":132,"column":36}}},"13":{"name":"(anonymous_13)","line":133,"loc":{"start":{"line":133,"column":62},"end":{"line":133,"column":81}}}},"statementMap":{"1":{"start":{"line":1,"column":0},"end":{"line":1,"column":23}},"2":{"start":{"line":2,"column":0},"end":{"line":2,"column":27}},"3":{"start":{"line":3,"column":0},"end":{"line":3,"column":48}},"4":{"start":{"line":4,"column":0},"end":{"line":4,"column":31}},"5":{"start":{"line":5,"column":0},"end":{"line":5,"column":31}},"6":{"start":{"line":6,"column":0},"end":{"line":6,"column":20}},"7":{"start":{"line":8,"column":0},"end":{"line":51,"column":1}},"8":{"start":{"line":9,"column":2},"end":{"line":9,"column":67}},"9":{"start":{"line":10,"column":2},"end":{"line":13,"column":4}},"10":{"start":{"line":14,"column":2},"end":{"line":14,"column":31}},"11":{"start":{"line":15,"column":2},"end":{"line":15,"column":16}},"12":{"start":{"line":16,"column":2},"end":{"line":49,"column":3}},"13":{"start":{"line":17,"column":4},"end":{"line":17,"column":34}},"14":{"start":{"line":18,"column":4},"end":{"line":18,"column":20}},"15":{"start":{"line":19,"column":4},"end":{"line":19,"column":20}},"16":{"start":{"line":20,"column":4},"end":{"line":20,"column":23}},"17":{"start":{"line":21,"column":4},"end":{"line":21,"column":28}},"18":{"start":{"line":22,"column":4},"end":{"line":31,"column":5}},"19":{"start":{"line":23,"column":6},"end":{"line":23,"column":22}},"20":{"start":{"line":24,"column":6},"end":{"line":24,"column":21}},"21":{"start":{"line":25,"column":6},"end":{"line":25,"column":27}},"22":{"start":{"line":27,"column":6},"end":{"line":27,"column":39}},"23":{"start":{"line":28,"column":6},"end":{"line":28,"column":57}},"24":{"start":{"line":29,"column":6},"end":{"line":29,"column":61}},"25":{"start":{"line":30,"column":6},"end":{"line":30,"column":57}},"26":{"start":{"line":35,"column":4},"end":{"line":48,"column":5}},"27":{"start":{"line":36,"column":6},"end":{"line":38,"column":7}},"28":{"start":{"line":37,"column":8},"end":{"line":37,"column":32}},"29":{"start":{"line":39,"column":6},"end":{"line":39,"column":54}},"30":{"start":{"line":40,"column":6},"end":{"line":47,"column":8}},"31":{"start":{"line":50,"column":2},"end":{"line":50,"column":14}},"32":{"start":{"line":57,"column":0},"end":{"line":77,"column":1}},"33":{"start":{"line":58,"column":2},"end":{"line":76,"column":5}},"34":{"start":{"line":59,"column":4},"end":{"line":62,"column":5}},"35":{"start":{"line":60,"column":6},"end":{"line":60,"column":27}},"36":{"start":{"line":61,"column":6},"end":{"line":61,"column":53}},"37":{"start":{"line":63,"column":4},"end":{"line":63,"column":36}},"38":{"start":{"line":64,"column":4},"end":{"line":75,"column":5}},"39":{"start":{"line":65,"column":6},"end":{"line":72,"column":9}},"40":{"start":{"line":66,"column":8},"end":{"line":69,"column":9}},"41":{"start":{"line":67,"column":10},"end":{"line":67,"column":31}},"42":{"start":{"line":68,"column":10},"end":{"line":68,"column":55}},"43":{"start":{"line":70,"column":8},"end":{"line":70,"column":50}},"44":{"start":{"line":71,"column":8},"end":{"line":71,"column":23}},"45":{"start":{"line":74,"column":6},"end":{"line":74,"column":21}},"46":{"start":{"line":79,"column":0},"end":{"line":87,"column":1}},"47":{"start":{"line":80,"column":2},"end":{"line":80,"column":58}},"48":{"start":{"line":81,"column":2},"end":{"line":81,"column":48}},"49":{"start":{"line":82,"column":2},"end":{"line":86,"column":5}},"50":{"start":{"line":83,"column":4},"end":{"line":85,"column":5}},"51":{"start":{"line":84,"column":6},"end":{"line":84,"column":16}},"52":{"start":{"line":89,"column":0},"end":{"line":169,"column":2}},"53":{"start":{"line":90,"column":2},"end":{"line":90,"column":107}},"54":{"start":{"line":91,"column":2},"end":{"line":91,"column":50}},"55":{"start":{"line":92,"column":2},"end":{"line":92,"column":29}},"56":{"start":{"line":93,"column":2},"end":{"line":93,"column":54}},"57":{"start":{"line":94,"column":2},"end":{"line":94,"column":16}},"58":{"start":{"line":96,"column":2},"end":{"line":168,"column":4}},"59":{"start":{"line":99,"column":6},"end":{"line":99,"column":26}},"60":{"start":{"line":100,"column":6},"end":{"line":100,"column":20}},"61":{"start":{"line":101,"column":6},"end":{"line":103,"column":7}},"62":{"start":{"line":102,"column":8},"end":{"line":102,"column":42}},"63":{"start":{"line":104,"column":6},"end":{"line":104,"column":84}},"64":{"start":{"line":108,"column":6},"end":{"line":111,"column":7}},"65":{"start":{"line":109,"column":8},"end":{"line":109,"column":39}},"66":{"start":{"line":110,"column":8},"end":{"line":110,"column":15}},"67":{"start":{"line":112,"column":6},"end":{"line":130,"column":9}},"68":{"start":{"line":113,"column":8},"end":{"line":129,"column":9}},"69":{"start":{"line":114,"column":10},"end":{"line":126,"column":13}},"70":{"start":{"line":115,"column":12},"end":{"line":125,"column":13}},"71":{"start":{"line":116,"column":14},"end":{"line":116,"column":34}},"72":{"start":{"line":118,"column":14},"end":{"line":124,"column":15}},"73":{"start":{"line":119,"column":16},"end":{"line":119,"column":42}},"74":{"start":{"line":120,"column":16},"end":{"line":120,"column":32}},"75":{"start":{"line":122,"column":16},"end":{"line":122,"column":31}},"76":{"start":{"line":123,"column":16},"end":{"line":123,"column":22}},"77":{"start":{"line":128,"column":10},"end":{"line":128,"column":19}},"78":{"start":{"line":133,"column":6},"end":{"line":166,"column":9}},"79":{"start":{"line":134,"column":8},"end":{"line":134,"column":37}},"80":{"start":{"line":135,"column":8},"end":{"line":135,"column":41}},"81":{"start":{"line":136,"column":8},"end":{"line":136,"column":54}},"82":{"start":{"line":137,"column":8},"end":{"line":137,"column":26}},"83":{"start":{"line":138,"column":8},"end":{"line":156,"column":9}},"84":{"start":{"line":139,"column":10},"end":{"line":139,"column":40}},"85":{"start":{"line":141,"column":10},"end":{"line":153,"column":11}},"86":{"start":{"line":143,"column":12},"end":{"line":143,"column":42}},"87":{"start":{"line":144,"column":12},"end":{"line":152,"column":13}},"88":{"start":{"line":145,"column":14},"end":{"line":145,"column":59}},"89":{"start":{"line":146,"column":14},"end":{"line":146,"column":43}},"90":{"start":{"line":147,"column":14},"end":{"line":147,"column":40}},"91":{"start":{"line":148,"column":14},"end":{"line":150,"column":15}},"92":{"start":{"line":149,"column":16},"end":{"line":149,"column":41}},"93":{"start":{"line":151,"column":14},"end":{"line":151,"column":47}},"94":{"start":{"line":155,"column":10},"end":{"line":155,"column":25}},"95":{"start":{"line":157,"column":8},"end":{"line":157,"column":24}},"96":{"start":{"line":158,"column":8},"end":{"line":158,"column":49}},"97":{"start":{"line":159,"column":8},"end":{"line":159,"column":55}},"98":{"start":{"line":160,"column":8},"end":{"line":160,"column":42}},"99":{"start":{"line":161,"column":8},"end":{"line":161,"column":64}},"100":{"start":{"line":162,"column":8},"end":{"line":162,"column":23}},"101":{"start":{"line":165,"column":8},"end":{"line":165,"column":31}}},"branchMap":{"1":{"line":10,"type":"binary-expr","locations":[{"start":{"line":10,"column":9},"end":{"line":10,"column":13}},{"start":{"line":10,"column":17},"end":{"line":13,"column":3}}]},"2":{"line":22,"type":"if","locations":[{"start":{"line":22,"column":4},"end":{"line":22,"column":4}},{"start":{"line":22,"column":4},"end":{"line":22,"column":4}}]},"3":{"line":35,"type":"if","locations":[{"start":{"line":35,"column":4},"end":{"line":35,"column":4}},{"start":{"line":35,"column":4},"end":{"line":35,"column":4}}]},"4":{"line":36,"type":"if","locations":[{"start":{"line":36,"column":6},"end":{"line":36,"column":6}},{"start":{"line":36,"column":6},"end":{"line":36,"column":6}}]},"5":{"line":59,"type":"if","locations":[{"start":{"line":59,"column":4},"end":{"line":59,"column":4}},{"start":{"line":59,"column":4},"end":{"line":59,"column":4}}]},"6":{"line":64,"type":"if","locations":[{"start":{"line":64,"column":4},"end":{"line":64,"column":4}},{"start":{"line":64,"column":4},"end":{"line":64,"column":4}}]},"7":{"line":66,"type":"if","locations":[{"start":{"line":66,"column":8},"end":{"line":66,"column":8}},{"start":{"line":66,"column":8},"end":{"line":66,"column":8}}]},"8":{"line":83,"type":"if","locations":[{"start":{"line":83,"column":4},"end":{"line":83,"column":4}},{"start":{"line":83,"column":4},"end":{"line":83,"column":4}}]},"9":{"line":101,"type":"if","locations":[{"start":{"line":101,"column":6},"end":{"line":101,"column":6}},{"start":{"line":101,"column":6},"end":{"line":101,"column":6}}]},"10":{"line":108,"type":"if","locations":[{"start":{"line":108,"column":6},"end":{"line":108,"column":6}},{"start":{"line":108,"column":6},"end":{"line":108,"column":6}}]},"11":{"line":113,"type":"if","locations":[{"start":{"line":113,"column":8},"end":{"line":113,"column":8}},{"start":{"line":113,"column":8},"end":{"line":113,"column":8}}]},"12":{"line":115,"type":"if","locations":[{"start":{"line":115,"column":12},"end":{"line":115,"column":12}},{"start":{"line":115,"column":12},"end":{"line":115,"column":12}}]},"13":{"line":115,"type":"binary-expr","locations":[{"start":{"line":115,"column":16},"end":{"line":115,"column":19}},{"start":{"line":115,"column":23},"end":{"line":115,"column":35}}]},"14":{"line":138,"type":"if","locations":[{"start":{"line":138,"column":8},"end":{"line":138,"column":8}},{"start":{"line":138,"column":8},"end":{"line":138,"column":8}}]},"15":{"line":148,"type":"if","locations":[{"start":{"line":148,"column":14},"end":{"line":148,"column":14}},{"start":{"line":148,"column":14},"end":{"line":148,"column":14}}]}}}}