TN:
SF:/Users/mhadley/dev/nodejs/LOTS/lib/lots.js
FN:8,buildTickets
FN:57,searchTickets
FN:58,(anonymous_3)
FN:65,(anonymous_4)
FN:79,cache
FN:82,(anonymous_6)
FN:89,LOTS
FN:98,(anonymous_8)
FN:107,cached
FN:112,(anonymous_10)
FN:114,(anonymous_11)
FN:132,generate
FN:133,(anonymous_13)
FNF:13
FNH:8
FNDA:2,buildTickets
FNDA:1,searchTickets
FNDA:1,(anonymous_3)
FNDA:1,(anonymous_4)
FNDA:1,cache
FNDA:0,(anonymous_6)
FNDA:1,LOTS
FNDA:0,(anonymous_8)
FNDA:0,cached
FNDA:0,(anonymous_10)
FNDA:0,(anonymous_11)
FNDA:1,generate
FNDA:1,(anonymous_13)
DA:1,1
DA:2,1
DA:3,1
DA:4,1
DA:5,1
DA:6,1
DA:8,1
DA:9,2
DA:10,2
DA:14,2
DA:15,2
DA:16,2
DA:17,2
DA:18,2
DA:19,2
DA:20,2
DA:21,2
DA:22,2
DA:23,1
DA:24,1
DA:25,1
DA:27,1
DA:28,1
DA:29,1
DA:30,1
DA:35,2
DA:36,2
DA:37,2
DA:39,2
DA:40,2
DA:50,2
DA:57,1
DA:58,1
DA:59,1
DA:60,0
DA:61,0
DA:63,1
DA:64,1
DA:65,1
DA:66,1
DA:67,0
DA:68,0
DA:70,1
DA:71,1
DA:74,0
DA:79,1
DA:80,1
DA:81,1
DA:82,1
DA:83,0
DA:84,0
DA:89,1
DA:90,1
DA:91,1
DA:92,1
DA:93,1
DA:94,1
DA:96,1
DA:99,0
DA:100,0
DA:101,0
DA:102,0
DA:104,0
DA:108,0
DA:109,0
DA:110,0
DA:112,0
DA:113,0
DA:114,0
DA:115,0
DA:116,0
DA:118,0
DA:119,0
DA:120,0
DA:122,0
DA:123,0
DA:128,0
DA:133,1
DA:134,1
DA:135,1
DA:136,1
DA:137,1
DA:138,1
DA:139,1
DA:141,1
DA:143,2
DA:144,2
DA:145,2
DA:146,2
DA:147,2
DA:148,2
DA:149,2
DA:151,2
DA:155,0
DA:157,1
DA:158,1
DA:159,1
DA:160,1
DA:161,1
DA:162,1
DA:165,1
LF:101
LH:74
BRDA:10,1,0,2
BRDA:10,1,1,1
BRDA:22,2,0,1
BRDA:22,2,1,1
BRDA:35,3,0,2
BRDA:35,3,1,0
BRDA:36,4,0,2
BRDA:36,4,1,0
BRDA:59,5,0,0
BRDA:59,5,1,1
BRDA:64,6,0,1
BRDA:64,6,1,0
BRDA:66,7,0,0
BRDA:66,7,1,1
BRDA:83,8,0,0
BRDA:83,8,1,0
BRDA:101,9,0,0
BRDA:101,9,1,0
BRDA:108,10,0,0
BRDA:108,10,1,0
BRDA:113,11,0,0
BRDA:113,11,1,0
BRDA:115,12,0,0
BRDA:115,12,1,0
BRDA:115,13,0,0
BRDA:115,13,1,0
BRDA:138,14,0,1
BRDA:138,14,1,0
BRDA:148,15,0,2
BRDA:148,15,1,0
BRF:30
BRH:11
end_of_record
